#
# There is insufficient memory for the Java Runtime Environment to continue.
# Native memory allocation (malloc) failed to allocate 32744 bytes for ChunkPool::allocate
# Possible reasons:
#   The system is out of physical RAM or swap space
#   The process is running with CompressedOops enabled, and the Java Heap may be blocking the growth of the native heap
# Possible solutions:
#   Reduce memory load on the system
#   Increase physical memory or swap space
#   Check if swap backing store is full
#   Decrease Java heap size (-Xmx/-Xms)
#   Decrease number of Java threads
#   Decrease Java thread stack sizes (-Xss)
#   Set larger code cache with -XX:ReservedCodeCacheSize=
#   JVM is running with Unscaled Compressed Oops mode in which the Java heap is
#     placed in the first 4GB address space. The Java Heap base address is the
#     maximum limit for the native heap growth. Please use -XX:HeapBaseMinAddress
#     to set the Java Heap base and to place the Java Heap above 4GB virtual address.
# This output file may be truncated or incomplete.
#
#  Out of Memory Error (arena.cpp:78), pid=21008, tid=14076
#
# JRE version: OpenJDK Runtime Environment Temurin-17.0.8.1+1 (17.0.8.1+1) (build 17.0.8.1+1)
# Java VM: OpenJDK 64-Bit Server VM Temurin-17.0.8.1+1 (17.0.8.1+1, mixed mode, tiered, compressed oops, compressed class ptrs, g1 gc, windows-amd64)
# No core dump will be written. Minidumps are not enabled by default on client versions of Windows
#

---------------  S U M M A R Y ------------

Command Line: -XX:+ShowCodeDetailsInExceptionMessages med.voll.api.ApiApplication

Host: Intel(R) Core(TM) i3-1005G1 CPU @ 1.20GHz, 4 cores, 3G,  Windows 11 , 64 bit Build 22621 (10.0.22621.2215)
Time: Mon Sep 25 00:27:26 2023 Hora estándar, América Central elapsed time: 24.446444 seconds (0d 0h 0m 24s)

---------------  T H R E A D  ---------------

Current thread (0x000001e2b6f4b680):  JavaThread "C2 CompilerThread0" daemon [_thread_in_native, id=14076, stack(0x0000008638b00000,0x0000008638c00000)]


Current CompileTask:
C2:  24446 6001       4       java.util.HashMap$HashIterator::<init> (79 bytes)

Stack: [0x0000008638b00000,0x0000008638c00000]
Native frames: (J=compiled Java code, j=interpreted, Vv=VM code, C=native code)
V  [jvm.dll+0x678b0a]
V  [jvm.dll+0x835e84]
V  [jvm.dll+0x83762e]
V  [jvm.dll+0x837c93]
V  [jvm.dll+0x24746f]
V  [jvm.dll+0xac42c]
V  [jvm.dll+0xac7dc]
V  [jvm.dll+0x11ec98]
V  [jvm.dll+0x6a2359]
V  [jvm.dll+0x1bd2c4]
V  [jvm.dll+0x219d49]
V  [jvm.dll+0x219011]
V  [jvm.dll+0x1a534d]
V  [jvm.dll+0x228d8a]
V  [jvm.dll+0x226dcc]
V  [jvm.dll+0x7ec09b]
V  [jvm.dll+0x7e64ca]
V  [jvm.dll+0x677955]
C  [ucrtbase.dll+0x29363]
C  [KERNEL32.DLL+0x1257d]
C  [ntdll.dll+0x5aa68]


---------------  P R O C E S S  ---------------

Threads class SMR info:
_java_thread_list=0x000001e2bb7c7c10, length=31, elements={
0x000001e2b6f1d250, 0x000001e2b6f05230, 0x000001e2b6f43a30, 0x000001e2b6f46410,
0x000001e2b6f48cf0, 0x000001e2b6f495c0, 0x000001e2b6f4b680, 0x000001e2b6f57550,
0x000001e2b6f58250, 0x000001e2bb260df0, 0x000001e2bb2670d0, 0x000001e2bd2ebed0,
0x000001e2bd2eb9c0, 0x000001e2bd2eafa0, 0x000001e2bd2eaa90, 0x000001e2bd2eb4b0,
0x000001e2bd2ec8f0, 0x000001e2bd2ea070, 0x000001e2bd2ed820, 0x000001e2be8c9ec0,
0x000001e2be8c99b0, 0x000001e2be8c8060, 0x000001e2be8cb300, 0x000001e2be8ca8e0,
0x000001e2be8c8a80, 0x000001e2be8c8f90, 0x000001e2be8cb810, 0x000001e2be8c8570,
0x000001e2be8c94a0, 0x000001e2be8cadf0, 0x000001e2be8ca3d0
}

Java Threads: ( => current thread )
  0x000001e2b6f1d250 JavaThread "Reference Handler" daemon [_thread_blocked, id=12624, stack(0x0000008638500000,0x0000008638600000)]
  0x000001e2b6f05230 JavaThread "Finalizer" daemon [_thread_blocked, id=11224, stack(0x0000008638600000,0x0000008638700000)]
  0x000001e2b6f43a30 JavaThread "Signal Dispatcher" daemon [_thread_blocked, id=14500, stack(0x0000008638700000,0x0000008638800000)]
  0x000001e2b6f46410 JavaThread "Attach Listener" daemon [_thread_blocked, id=19880, stack(0x0000008638800000,0x0000008638900000)]
  0x000001e2b6f48cf0 JavaThread "Service Thread" daemon [_thread_blocked, id=15640, stack(0x0000008638900000,0x0000008638a00000)]
  0x000001e2b6f495c0 JavaThread "Monitor Deflation Thread" daemon [_thread_blocked, id=16284, stack(0x0000008638a00000,0x0000008638b00000)]
=>0x000001e2b6f4b680 JavaThread "C2 CompilerThread0" daemon [_thread_in_native, id=14076, stack(0x0000008638b00000,0x0000008638c00000)]
  0x000001e2b6f57550 JavaThread "C1 CompilerThread0" daemon [_thread_blocked, id=16192, stack(0x0000008638c00000,0x0000008638d00000)]
  0x000001e2b6f58250 JavaThread "Sweeper thread" daemon [_thread_blocked, id=22080, stack(0x0000008638d00000,0x0000008638e00000)]
  0x000001e2bb260df0 JavaThread "Notification Thread" daemon [_thread_blocked, id=15072, stack(0x0000008638e00000,0x0000008638f00000)]
  0x000001e2bb2670d0 JavaThread "Common-Cleaner" daemon [_thread_blocked, id=21924, stack(0x0000008639000000,0x0000008639100000)]
  0x000001e2bd2ebed0 JavaThread "Catalina-utility-1" [_thread_blocked, id=23816, stack(0x0000008639600000,0x0000008639700000)]
  0x000001e2bd2eb9c0 JavaThread "Catalina-utility-2" [_thread_blocked, id=24748, stack(0x0000008639700000,0x0000008639800000)]
  0x000001e2bd2eafa0 JavaThread "container-0" [_thread_blocked, id=21244, stack(0x0000008639800000,0x0000008639900000)]
  0x000001e2bd2eaa90 JavaThread "mysql-cj-abandoned-connection-cleanup" daemon [_thread_blocked, id=9188, stack(0x0000008639900000,0x0000008639a00000)]
  0x000001e2bd2eb4b0 JavaThread "HikariPool-1 housekeeper" daemon [_thread_blocked, id=26480, stack(0x0000008639b00000,0x0000008639c00000)]
  0x000001e2bd2ec8f0 JavaThread "File Watcher" daemon [_thread_blocked, id=23928, stack(0x0000008639c00000,0x0000008639d00000)]
  0x000001e2bd2ea070 JavaThread "Live Reload Server" daemon [_thread_in_native, id=17560, stack(0x0000008639e00000,0x0000008639f00000)]
  0x000001e2bd2ed820 JavaThread "http-nio-8080-exec-1" daemon [_thread_blocked, id=22176, stack(0x0000008639d00000,0x0000008639e00000)]
  0x000001e2be8c9ec0 JavaThread "http-nio-8080-exec-2" daemon [_thread_blocked, id=26604, stack(0x0000008639f00000,0x000000863a000000)]
  0x000001e2be8c99b0 JavaThread "http-nio-8080-exec-3" daemon [_thread_blocked, id=25804, stack(0x000000863a000000,0x000000863a100000)]
  0x000001e2be8c8060 JavaThread "http-nio-8080-exec-4" daemon [_thread_blocked, id=22424, stack(0x000000863a100000,0x000000863a200000)]
  0x000001e2be8cb300 JavaThread "http-nio-8080-exec-5" daemon [_thread_blocked, id=22012, stack(0x000000863a200000,0x000000863a300000)]
  0x000001e2be8ca8e0 JavaThread "http-nio-8080-exec-6" daemon [_thread_blocked, id=25760, stack(0x000000863a300000,0x000000863a400000)]
  0x000001e2be8c8a80 JavaThread "http-nio-8080-exec-7" daemon [_thread_blocked, id=12188, stack(0x000000863a400000,0x000000863a500000)]
  0x000001e2be8c8f90 JavaThread "http-nio-8080-exec-8" daemon [_thread_blocked, id=15184, stack(0x000000863a500000,0x000000863a600000)]
  0x000001e2be8cb810 JavaThread "http-nio-8080-exec-9" daemon [_thread_blocked, id=23016, stack(0x000000863a600000,0x000000863a700000)]
  0x000001e2be8c8570 JavaThread "http-nio-8080-exec-10" daemon [_thread_blocked, id=22480, stack(0x000000863a700000,0x000000863a800000)]
  0x000001e2be8c94a0 JavaThread "http-nio-8080-Poller" daemon [_thread_in_native, id=24588, stack(0x000000863a800000,0x000000863a900000)]
  0x000001e2be8cadf0 JavaThread "http-nio-8080-Acceptor" daemon [_thread_in_native, id=8528, stack(0x000000863a900000,0x000000863aa00000)]
  0x000001e2be8ca3d0 JavaThread "DestroyJavaVM" [_thread_blocked, id=11732, stack(0x0000008637e00000,0x0000008637f00000)]

Other Threads:
  0x000001e2b6ee4e50 VMThread "VM Thread" [stack: 0x0000008638400000,0x0000008638500000] [id=10376]
  0x000001e2a0a091b0 WatcherThread [stack: 0x0000008638f00000,0x0000008639000000] [id=25848]
  0x000001e2a09f9710 GCTaskThread "GC Thread#0" [stack: 0x0000008637f00000,0x0000008638000000] [id=10008]
  0x000001e2bb82c6b0 GCTaskThread "GC Thread#1" [stack: 0x0000008639100000,0x0000008639200000] [id=17216]
  0x000001e2bbf50b40 GCTaskThread "GC Thread#2" [stack: 0x0000008639200000,0x0000008639300000] [id=8884]
  0x000001e2bba08f30 GCTaskThread "GC Thread#3" [stack: 0x0000008639300000,0x0000008639400000] [id=21788]
  0x000001e2a0a01fa0 ConcurrentGCThread "G1 Main Marker" [stack: 0x0000008638000000,0x0000008638100000] [id=3836]
  0x000001e2a0a03150 ConcurrentGCThread "G1 Conc#0" [stack: 0x0000008638100000,0x0000008638200000] [id=2732]
  0x000001e2a0a41820 ConcurrentGCThread "G1 Refine#0" [stack: 0x0000008638200000,0x0000008638300000] [id=24936]
  0x000001e2a0a42250 ConcurrentGCThread "G1 Service" [stack: 0x0000008638300000,0x0000008638400000] [id=21492]

Threads with active compile tasks:
C2 CompilerThread0    24484 6001       4       java.util.HashMap$HashIterator::<init> (79 bytes)

VM state: not at safepoint (normal execution)

VM Mutex/Monitor currently owned by a thread: None

Heap address: 0x00000000c3600000, size: 970 MB, Compressed Oops mode: 32-bit

CDS archive(s) not mapped
Compressed class space mapped at: 0x0000000100000000-0x0000000140000000, reserved size: 1073741824
Narrow klass base: 0x0000000000000000, Narrow klass shift: 3, Narrow klass range: 0x140000000

GC Precious Log:
 CPUs: 4 total, 4 available
 Memory: 3877M
 Large Page Support: Disabled
 NUMA Support: Disabled
 Compressed Oops: Enabled (32-bit)
 Heap Region Size: 1M
 Heap Min Capacity: 8M
 Heap Initial Capacity: 62M
 Heap Max Capacity: 970M
 Pre-touch: Disabled
 Parallel Workers: 4
 Concurrent Workers: 1
 Concurrent Refinement Workers: 4
 Periodic GC: Disabled

Heap:
 garbage-first heap   total 51200K, used 37791K [0x00000000c3600000, 0x0000000100000000)
  region size 1024K, 12 young (12288K), 2 survivors (2048K)
 Metaspace       used 72118K, committed 72640K, reserved 1114112K
  class space    used 9682K, committed 9920K, reserved 1048576K

Heap Regions: E=young(eden), S=young(survivor), O=old, HS=humongous(starts), HC=humongous(continues), CS=collection set, F=free, OA=open archive, CA=closed archive, TAMS=top-at-mark-start (previous, next)
|   0|0x00000000c3600000, 0x00000000c3700000, 0x00000000c3700000|100%|HS|  |TAMS 0x00000000c3700000, 0x00000000c3600000| Complete 
|   1|0x00000000c3700000, 0x00000000c3800000, 0x00000000c3800000|100%| O|  |TAMS 0x00000000c3800000, 0x00000000c3700000| Untracked 
|   2|0x00000000c3800000, 0x00000000c3900000, 0x00000000c3900000|100%| O|  |TAMS 0x00000000c3900000, 0x00000000c3800000| Untracked 
|   3|0x00000000c3900000, 0x00000000c3a00000, 0x00000000c3a00000|100%| O|  |TAMS 0x00000000c3a00000, 0x00000000c3900000| Untracked 
|   4|0x00000000c3a00000, 0x00000000c3b00000, 0x00000000c3b00000|100%| O|  |TAMS 0x00000000c3b00000, 0x00000000c3a00000| Untracked 
|   5|0x00000000c3b00000, 0x00000000c3c00000, 0x00000000c3c00000|100%| O|  |TAMS 0x00000000c3c00000, 0x00000000c3b00000| Untracked 
|   6|0x00000000c3c00000, 0x00000000c3cd0200, 0x00000000c3d00000| 81%| O|  |TAMS 0x00000000c3cd0200, 0x00000000c3c00000| Untracked 
|   7|0x00000000c3d00000, 0x00000000c3e00000, 0x00000000c3e00000|100%| O|  |TAMS 0x00000000c3e00000, 0x00000000c3d00000| Untracked 
|   8|0x00000000c3e00000, 0x00000000c3f00000, 0x00000000c3f00000|100%| O|  |TAMS 0x00000000c3f00000, 0x00000000c3e00000| Untracked 
|   9|0x00000000c3f00000, 0x00000000c4000000, 0x00000000c4000000|100%| O|  |TAMS 0x00000000c4000000, 0x00000000c3f00000| Untracked 
|  10|0x00000000c4000000, 0x00000000c4100000, 0x00000000c4100000|100%| O|  |TAMS 0x00000000c4100000, 0x00000000c4000000| Untracked 
|  11|0x00000000c4100000, 0x00000000c4200000, 0x00000000c4200000|100%| O|  |TAMS 0x00000000c4200000, 0x00000000c4100000| Untracked 
|  12|0x00000000c4200000, 0x00000000c4300000, 0x00000000c4300000|100%| O|  |TAMS 0x00000000c4300000, 0x00000000c4200000| Untracked 
|  13|0x00000000c4300000, 0x00000000c4400000, 0x00000000c4400000|100%| O|  |TAMS 0x00000000c4400000, 0x00000000c4300000| Untracked 
|  14|0x00000000c4400000, 0x00000000c4500000, 0x00000000c4500000|100%| O|  |TAMS 0x00000000c4500000, 0x00000000c4400000| Untracked 
|  15|0x00000000c4500000, 0x00000000c4600000, 0x00000000c4600000|100%| O|  |TAMS 0x00000000c4600000, 0x00000000c4500000| Untracked 
|  16|0x00000000c4600000, 0x00000000c4700000, 0x00000000c4700000|100%| O|  |TAMS 0x00000000c4700000, 0x00000000c4600000| Untracked 
|  17|0x00000000c4700000, 0x00000000c4800000, 0x00000000c4800000|100%| O|  |TAMS 0x00000000c4800000, 0x00000000c4700000| Untracked 
|  18|0x00000000c4800000, 0x00000000c4900000, 0x00000000c4900000|100%| O|  |TAMS 0x00000000c4900000, 0x00000000c4800000| Untracked 
|  19|0x00000000c4900000, 0x00000000c4a00000, 0x00000000c4a00000|100%| O|  |TAMS 0x00000000c4a00000, 0x00000000c4900000| Untracked 
|  20|0x00000000c4a00000, 0x00000000c4b00000, 0x00000000c4b00000|100%| O|  |TAMS 0x00000000c4b00000, 0x00000000c4a00000| Untracked 
|  21|0x00000000c4b00000, 0x00000000c4c00000, 0x00000000c4c00000|100%| O|  |TAMS 0x00000000c4c00000, 0x00000000c4b00000| Untracked 
|  22|0x00000000c4c00000, 0x00000000c4d00000, 0x00000000c4d00000|100%| O|  |TAMS 0x00000000c4d00000, 0x00000000c4c00000| Untracked 
|  23|0x00000000c4d00000, 0x00000000c4e00000, 0x00000000c4e00000|100%| O|  |TAMS 0x00000000c4e00000, 0x00000000c4d00000| Untracked 
|  24|0x00000000c4e00000, 0x00000000c4f00000, 0x00000000c4f00000|100%| O|  |TAMS 0x00000000c4f00000, 0x00000000c4e00000| Untracked 
|  25|0x00000000c4f00000, 0x00000000c5000000, 0x00000000c5000000|100%| O|  |TAMS 0x00000000c4f77800, 0x00000000c4f00000| Untracked 
|  26|0x00000000c5000000, 0x00000000c5035e00, 0x00000000c5100000| 21%| O|  |TAMS 0x00000000c5000000, 0x00000000c5000000| Untracked 
|  27|0x00000000c5100000, 0x00000000c5100000, 0x00000000c5200000|  0%| F|  |TAMS 0x00000000c5100000, 0x00000000c5100000| Untracked 
|  28|0x00000000c5200000, 0x00000000c5200000, 0x00000000c5300000|  0%| F|  |TAMS 0x00000000c5200000, 0x00000000c5200000| Untracked 
|  29|0x00000000c5300000, 0x00000000c5300000, 0x00000000c5400000|  0%| F|  |TAMS 0x00000000c5300000, 0x00000000c5300000| Untracked 
|  30|0x00000000c5400000, 0x00000000c5400000, 0x00000000c5500000|  0%| F|  |TAMS 0x00000000c5400000, 0x00000000c5400000| Untracked 
|  31|0x00000000c5500000, 0x00000000c5500000, 0x00000000c5600000|  0%| F|  |TAMS 0x00000000c5500000, 0x00000000c5500000| Untracked 
|  32|0x00000000c5600000, 0x00000000c56e1dc0, 0x00000000c5700000| 88%| S|CS|TAMS 0x00000000c5600000, 0x00000000c5600000| Complete 
|  33|0x00000000c5700000, 0x00000000c5800000, 0x00000000c5800000|100%| S|CS|TAMS 0x00000000c5700000, 0x00000000c5700000| Complete 
|  34|0x00000000c5800000, 0x00000000c5800000, 0x00000000c5900000|  0%| F|  |TAMS 0x00000000c5800000, 0x00000000c5800000| Untracked 
|  35|0x00000000c5900000, 0x00000000c5900000, 0x00000000c5a00000|  0%| F|  |TAMS 0x00000000c5900000, 0x00000000c5900000| Untracked 
|  36|0x00000000c5a00000, 0x00000000c5a00000, 0x00000000c5b00000|  0%| F|  |TAMS 0x00000000c5a00000, 0x00000000c5a00000| Untracked 
|  37|0x00000000c5b00000, 0x00000000c5b00000, 0x00000000c5c00000|  0%| F|  |TAMS 0x00000000c5b00000, 0x00000000c5b00000| Untracked 
|  38|0x00000000c5c00000, 0x00000000c5c00000, 0x00000000c5d00000|  0%| F|  |TAMS 0x00000000c5c00000, 0x00000000c5c00000| Untracked 
|  39|0x00000000c5d00000, 0x00000000c5d00000, 0x00000000c5e00000|  0%| F|  |TAMS 0x00000000c5d00000, 0x00000000c5d00000| Untracked 
|  40|0x00000000c5e00000, 0x00000000c5e43fe0, 0x00000000c5f00000| 26%| E|  |TAMS 0x00000000c5e00000, 0x00000000c5e00000| Complete 
|  41|0x00000000c5f00000, 0x00000000c6000000, 0x00000000c6000000|100%| E|CS|TAMS 0x00000000c5f00000, 0x00000000c5f00000| Complete 
|  42|0x00000000c6000000, 0x00000000c6100000, 0x00000000c6100000|100%| E|CS|TAMS 0x00000000c6000000, 0x00000000c6000000| Complete 
|  43|0x00000000c6100000, 0x00000000c6200000, 0x00000000c6200000|100%| E|CS|TAMS 0x00000000c6100000, 0x00000000c6100000| Complete 
|  44|0x00000000c6200000, 0x00000000c6300000, 0x00000000c6300000|100%| E|CS|TAMS 0x00000000c6200000, 0x00000000c6200000| Complete 
|  45|0x00000000c6300000, 0x00000000c6400000, 0x00000000c6400000|100%| E|CS|TAMS 0x00000000c6300000, 0x00000000c6300000| Complete 
|  46|0x00000000c6400000, 0x00000000c6500000, 0x00000000c6500000|100%| E|CS|TAMS 0x00000000c6400000, 0x00000000c6400000| Complete 
|  47|0x00000000c6500000, 0x00000000c6600000, 0x00000000c6600000|100%| E|CS|TAMS 0x00000000c6500000, 0x00000000c6500000| Complete 
|  48|0x00000000c6600000, 0x00000000c6700000, 0x00000000c6700000|100%| E|CS|TAMS 0x00000000c6600000, 0x00000000c6600000| Complete 
|  61|0x00000000c7300000, 0x00000000c7400000, 0x00000000c7400000|100%| E|CS|TAMS 0x00000000c7300000, 0x00000000c7300000| Complete 

Card table byte_map: [0x000001e2b2810000,0x000001e2b2a00000] _byte_map_base: 0x000001e2b21f5000

Marking Bits (Prev, Next): (CMBitMap*) 0x000001e2a09f9d30, (CMBitMap*) 0x000001e2a09f9d70
 Prev Bits: [0x000001e2b2bf0000, 0x000001e2b3b18000)
 Next Bits: [0x000001e2b3b20000, 0x000001e2b4a48000)

Polling page: 0x000001e2a0160000

Metaspace:

Usage:
  Non-class:     60.97 MB used.
      Class:      9.46 MB used.
       Both:     70.43 MB used.

Virtual space:
  Non-class space:       64.00 MB reserved,      61.25 MB ( 96%) committed,  1 nodes.
      Class space:        1.00 GB reserved,       9.69 MB ( <1%) committed,  1 nodes.
             Both:        1.06 GB reserved,      70.94 MB (  7%) committed. 

Chunk freelists:
   Non-Class:  2.12 MB
       Class:  6.26 MB
        Both:  8.39 MB

MaxMetaspaceSize: unlimited
CompressedClassSpaceSize: 1.00 GB
Initial GC threshold: 21.00 MB
Current GC threshold: 116.69 MB
CDS: off
MetaspaceReclaimPolicy: balanced
 - commit_granule_bytes: 65536.
 - commit_granule_words: 8192.
 - virtual_space_node_default_size: 8388608.
 - enlarge_chunks_in_place: 1.
 - new_chunks_are_fully_committed: 0.
 - uncommit_free_chunks: 1.
 - use_allocation_guard: 0.
 - handle_deallocations: 1.


Internal statistics:

num_allocs_failed_limit: 6.
num_arena_births: 700.
num_arena_deaths: 0.
num_vsnodes_births: 2.
num_vsnodes_deaths: 0.
num_space_committed: 1135.
num_space_uncommitted: 0.
num_chunks_returned_to_freelist: 6.
num_chunks_taken_from_freelist: 2974.
num_chunk_merges: 6.
num_chunk_splits: 2144.
num_chunks_enlarged: 1685.
num_inconsistent_stats: 0.

CodeHeap 'non-profiled nmethods': size=120000Kb used=3072Kb max_used=3072Kb free=116927Kb
 bounds [0x000001e2ab0f0000, 0x000001e2ab400000, 0x000001e2b2620000]
CodeHeap 'profiled nmethods': size=120000Kb used=9583Kb max_used=10726Kb free=110416Kb
 bounds [0x000001e2a3620000, 0x000001e2a40a0000, 0x000001e2aab50000]
CodeHeap 'non-nmethods': size=5760Kb used=1361Kb max_used=1405Kb free=4398Kb
 bounds [0x000001e2aab50000, 0x000001e2aadc0000, 0x000001e2ab0f0000]
 total_blobs=5847 nmethods=5163 adapters=596
 compilation: enabled
              stopped_count=0, restarted_count=0
 full_count=0

Compilation events (20 events):
Event: 19.082 Thread 0x000001e2b6f4b680 nmethod 5781 0x000001e2ab1c8c10 code [0x000001e2ab1c8d80, 0x000001e2ab1c8df8]
Event: 19.082 Thread 0x000001e2b6f4b680 5987       4       org.springframework.util.ConcurrentReferenceHashMap$Segment::createReferenceArray (5 bytes)
Event: 19.083 Thread 0x000001e2b6f4b680 nmethod 5987 0x000001e2ab1d1590 code [0x000001e2ab1d1720, 0x000001e2ab1d18b8]
Event: 19.083 Thread 0x000001e2b6f4b680 5564       4       java.util.stream.ReferencePipeline$7$1::begin (13 bytes)
Event: 19.084 Thread 0x000001e2b6f4b680 nmethod 5564 0x000001e2ab1d1290 code [0x000001e2ab1d1400, 0x000001e2ab1d14b8]
Event: 19.084 Thread 0x000001e2b6f4b680 5440       4       org.springframework.util.ReflectionUtils$$Lambda$517/0x0000000100412188::doWith (11 bytes)
Event: 19.084 Thread 0x000001e2b6f4b680 nmethod 5440 0x000001e2ab1d0f90 code [0x000001e2ab1d1100, 0x000001e2ab1d1198]
Event: 19.268 Thread 0x000001e2b6f57550 5995       3       java.io.File::equals (28 bytes)
Event: 19.268 Thread 0x000001e2b6f57550 nmethod 5995 0x000001e2a3646090 code [0x000001e2a3646280, 0x000001e2a3646888]
Event: 19.268 Thread 0x000001e2b6f57550 5996       3       java.io.File::compareTo (9 bytes)
Event: 19.268 Thread 0x000001e2b6f57550 nmethod 5996 0x000001e2a3645a10 code [0x000001e2a3645be0, 0x000001e2a3645ee8]
Event: 20.305 Thread 0x000001e2b6f57550 5997       3       java.lang.Long::hashCode (8 bytes)
Event: 20.305 Thread 0x000001e2b6f57550 nmethod 5997 0x000001e2a362d010 code [0x000001e2a362d1a0, 0x000001e2a362d298]
Event: 20.432 Thread 0x000001e2b6f4b680 5998       4       java.util.ArrayDeque::pollFirst (36 bytes)
Event: 20.433 Thread 0x000001e2b6f4b680 nmethod 5998 0x000001e2ab1d0c10 code [0x000001e2ab1d0d80, 0x000001e2ab1d0e98]
Event: 21.950 Thread 0x000001e2b6f57550 5999       3       java.io.File::isFile (34 bytes)
Event: 21.950 Thread 0x000001e2b6f57550 nmethod 5999 0x000001e2a3645110 code [0x000001e2a3645300, 0x000001e2a3645828]
Event: 22.365 Thread 0x000001e2b6f57550 6000       3       org.springframework.boot.devtools.filewatch.FileSnapshot::hashCode (49 bytes)
Event: 22.365 Thread 0x000001e2b6f57550 nmethod 6000 0x000001e2a3644910 code [0x000001e2a3644b00, 0x000001e2a3644ed8]
Event: 24.419 Thread 0x000001e2b6f4b680 6001       4       java.util.HashMap$HashIterator::<init> (79 bytes)

GC Heap History (20 events):
Event: 11.588 GC heap before
{Heap before GC invocations=21 (full 0):
 garbage-first heap   total 40960K, used 29386K [0x00000000c3600000, 0x0000000100000000)
  region size 1024K, 9 young (9216K), 2 survivors (2048K)
 Metaspace       used 51229K, committed 51712K, reserved 1114112K
  class space    used 6496K, committed 6720K, reserved 1048576K
}
Event: 11.591 GC heap after
{Heap after GC invocations=22 (full 0):
 garbage-first heap   total 40960K, used 22682K [0x00000000c3600000, 0x0000000100000000)
  region size 1024K, 1 young (1024K), 1 survivors (1024K)
 Metaspace       used 51229K, committed 51712K, reserved 1114112K
  class space    used 6496K, committed 6720K, reserved 1048576K
}
Event: 12.115 GC heap before
{Heap before GC invocations=22 (full 0):
 garbage-first heap   total 40960K, used 31898K [0x00000000c3600000, 0x0000000100000000)
  region size 1024K, 11 young (11264K), 1 survivors (1024K)
 Metaspace       used 53675K, committed 54144K, reserved 1114112K
  class space    used 6889K, committed 7104K, reserved 1048576K
}
Event: 12.118 GC heap after
{Heap after GC invocations=23 (full 0):
 garbage-first heap   total 40960K, used 23192K [0x00000000c3600000, 0x0000000100000000)
  region size 1024K, 2 young (2048K), 2 survivors (2048K)
 Metaspace       used 53675K, committed 54144K, reserved 1114112K
  class space    used 6889K, committed 7104K, reserved 1048576K
}
Event: 12.518 GC heap before
{Heap before GC invocations=24 (full 0):
 garbage-first heap   total 43008K, used 30360K [0x00000000c3600000, 0x0000000100000000)
  region size 1024K, 10 young (10240K), 2 survivors (2048K)
 Metaspace       used 55701K, committed 56128K, reserved 1114112K
  class space    used 7199K, committed 7424K, reserved 1048576K
}
Event: 12.521 GC heap after
{Heap after GC invocations=25 (full 0):
 garbage-first heap   total 43008K, used 23664K [0x00000000c3600000, 0x0000000100000000)
  region size 1024K, 2 young (2048K), 2 survivors (2048K)
 Metaspace       used 55701K, committed 56128K, reserved 1114112K
  class space    used 7199K, committed 7424K, reserved 1048576K
}
Event: 13.312 GC heap before
{Heap before GC invocations=25 (full 0):
 garbage-first heap   total 43008K, used 32880K [0x00000000c3600000, 0x0000000100000000)
  region size 1024K, 12 young (12288K), 2 survivors (2048K)
 Metaspace       used 58255K, committed 58688K, reserved 1114112K
  class space    used 7524K, committed 7744K, reserved 1048576K
}
Event: 13.316 GC heap after
{Heap after GC invocations=26 (full 0):
 garbage-first heap   total 43008K, used 24093K [0x00000000c3600000, 0x0000000100000000)
  region size 1024K, 2 young (2048K), 2 survivors (2048K)
 Metaspace       used 58255K, committed 58688K, reserved 1114112K
  class space    used 7524K, committed 7744K, reserved 1048576K
}
Event: 13.879 GC heap before
{Heap before GC invocations=27 (full 0):
 garbage-first heap   total 46080K, used 34333K [0x00000000c3600000, 0x0000000100000000)
  region size 1024K, 12 young (12288K), 2 survivors (2048K)
 Metaspace       used 61848K, committed 62336K, reserved 1114112K
  class space    used 8117K, committed 8320K, reserved 1048576K
}
Event: 13.885 GC heap after
{Heap after GC invocations=28 (full 0):
 garbage-first heap   total 46080K, used 24504K [0x00000000c3600000, 0x0000000100000000)
  region size 1024K, 2 young (2048K), 2 survivors (2048K)
 Metaspace       used 61848K, committed 62336K, reserved 1114112K
  class space    used 8117K, committed 8320K, reserved 1048576K
}
Event: 14.947 GC heap before
{Heap before GC invocations=28 (full 0):
 garbage-first heap   total 46080K, used 36792K [0x00000000c3600000, 0x0000000100000000)
  region size 1024K, 14 young (14336K), 2 survivors (2048K)
 Metaspace       used 64599K, committed 65088K, reserved 1114112K
  class space    used 8623K, committed 8832K, reserved 1048576K
}
Event: 14.950 GC heap after
{Heap after GC invocations=29 (full 0):
 garbage-first heap   total 46080K, used 25003K [0x00000000c3600000, 0x0000000100000000)
  region size 1024K, 2 young (2048K), 2 survivors (2048K)
 Metaspace       used 64599K, committed 65088K, reserved 1114112K
  class space    used 8623K, committed 8832K, reserved 1048576K
}
Event: 15.628 GC heap before
{Heap before GC invocations=30 (full 0):
 garbage-first heap   total 46080K, used 36267K [0x00000000c3600000, 0x0000000100000000)
  region size 1024K, 14 young (14336K), 2 survivors (2048K)
 Metaspace       used 66897K, committed 67456K, reserved 1114112K
  class space    used 8963K, committed 9216K, reserved 1048576K
}
Event: 15.633 GC heap after
{Heap after GC invocations=31 (full 0):
 garbage-first heap   total 46080K, used 25936K [0x00000000c3600000, 0x0000000100000000)
  region size 1024K, 2 young (2048K), 2 survivors (2048K)
 Metaspace       used 66897K, committed 67456K, reserved 1114112K
  class space    used 8963K, committed 9216K, reserved 1048576K
}
Event: 16.197 GC heap before
{Heap before GC invocations=31 (full 0):
 garbage-first heap   total 46080K, used 37200K [0x00000000c3600000, 0x0000000100000000)
  region size 1024K, 13 young (13312K), 2 survivors (2048K)
 Metaspace       used 68863K, committed 69312K, reserved 1114112K
  class space    used 9229K, committed 9472K, reserved 1048576K
}
Event: 16.201 GC heap after
{Heap after GC invocations=32 (full 0):
 garbage-first heap   total 46080K, used 26779K [0x00000000c3600000, 0x0000000100000000)
  region size 1024K, 2 young (2048K), 2 survivors (2048K)
 Metaspace       used 68863K, committed 69312K, reserved 1114112K
  class space    used 9229K, committed 9472K, reserved 1048576K
}
Event: 16.581 GC heap before
{Heap before GC invocations=33 (full 0):
 garbage-first heap   total 50176K, used 35995K [0x00000000c3600000, 0x0000000100000000)
  region size 1024K, 12 young (12288K), 2 survivors (2048K)
 Metaspace       used 69342K, committed 69888K, reserved 1114112K
  class space    used 9304K, committed 9536K, reserved 1048576K
}
Event: 16.586 GC heap after
{Heap after GC invocations=34 (full 0):
 garbage-first heap   total 50176K, used 27273K [0x00000000c3600000, 0x0000000100000000)
  region size 1024K, 2 young (2048K), 2 survivors (2048K)
 Metaspace       used 69342K, committed 69888K, reserved 1114112K
  class space    used 9304K, committed 9536K, reserved 1048576K
}
Event: 17.655 GC heap before
{Heap before GC invocations=34 (full 0):
 garbage-first heap   total 50176K, used 40585K [0x00000000c3600000, 0x0000000100000000)
  region size 1024K, 15 young (15360K), 2 survivors (2048K)
 Metaspace       used 71070K, committed 71680K, reserved 1114112K
  class space    used 9537K, committed 9856K, reserved 1048576K
}
Event: 17.660 GC heap after
{Heap after GC invocations=35 (full 0):
 garbage-first heap   total 50176K, used 28575K [0x00000000c3600000, 0x0000000100000000)
  region size 1024K, 2 young (2048K), 2 survivors (2048K)
 Metaspace       used 71070K, committed 71680K, reserved 1114112K
  class space    used 9537K, committed 9856K, reserved 1048576K
}

Dll operation events (9 events):
Event: 0.035 Loaded shared library C:\Users\mgonz\.vscode\extensions\redhat.java-1.22.1-win32-x64\jre\17.0.8.1-win32-x86_64\bin\java.dll
Event: 0.350 Loaded shared library C:\Users\mgonz\.vscode\extensions\redhat.java-1.22.1-win32-x64\jre\17.0.8.1-win32-x86_64\bin\net.dll
Event: 0.355 Loaded shared library C:\Users\mgonz\.vscode\extensions\redhat.java-1.22.1-win32-x64\jre\17.0.8.1-win32-x86_64\bin\nio.dll
Event: 0.365 Loaded shared library C:\Users\mgonz\.vscode\extensions\redhat.java-1.22.1-win32-x64\jre\17.0.8.1-win32-x86_64\bin\zip.dll
Event: 0.582 Loaded shared library C:\Users\mgonz\.vscode\extensions\redhat.java-1.22.1-win32-x64\jre\17.0.8.1-win32-x86_64\bin\jimage.dll
Event: 1.322 Loaded shared library C:\Users\mgonz\.vscode\extensions\redhat.java-1.22.1-win32-x64\jre\17.0.8.1-win32-x86_64\bin\management.dll
Event: 1.328 Loaded shared library C:\Users\mgonz\.vscode\extensions\redhat.java-1.22.1-win32-x64\jre\17.0.8.1-win32-x86_64\bin\management_ext.dll
Event: 6.528 Loaded shared library C:\Users\mgonz\.vscode\extensions\redhat.java-1.22.1-win32-x64\jre\17.0.8.1-win32-x86_64\bin\sunmscapi.dll
Event: 11.445 Loaded shared library C:\Users\mgonz\.vscode\extensions\redhat.java-1.22.1-win32-x64\jre\17.0.8.1-win32-x86_64\bin\verify.dll

Deoptimization events (20 events):
Event: 17.616 Thread 0x000001e2bbc07430 DEOPT PACKING pc=0x000001e2ab2b1390 sp=0x00000086395fdab0
Event: 17.616 Thread 0x000001e2bbc07430 DEOPT UNPACKING pc=0x000001e2aabaa1a3 sp=0x00000086395fdaa8 mode 2
Event: 17.654 Thread 0x000001e2bbc07430 DEOPT PACKING pc=0x000001e2a3d72ced sp=0x00000086395fd840
Event: 17.654 Thread 0x000001e2bbc07430 DEOPT UNPACKING pc=0x000001e2aabaace3 sp=0x00000086395fcd00 mode 0
Event: 17.960 Thread 0x000001e2bbc07430 Uncommon trap: trap_request=0xffffff45 fr.pc=0x000001e2ab2b74fc relative=0x0000000000000f1c
Event: 17.960 Thread 0x000001e2bbc07430 Uncommon trap: reason=unstable_if action=reinterpret pc=0x000001e2ab2b74fc method=org.springframework.beans.factory.support.DefaultSingletonBeanRegistry.getSingleton(Ljava/lang/String;Z)Ljava/lang/Object; @ 39 c2
Event: 17.960 Thread 0x000001e2bbc07430 DEOPT PACKING pc=0x000001e2ab2b74fc sp=0x00000086395fd9a0
Event: 17.960 Thread 0x000001e2bbc07430 DEOPT UNPACKING pc=0x000001e2aabaa1a3 sp=0x00000086395fd938 mode 2
Event: 18.046 Thread 0x000001e2bbc07430 Uncommon trap: trap_request=0xfffffff4 fr.pc=0x000001e2ab225aa4 relative=0x0000000000000264
Event: 18.047 Thread 0x000001e2bbc07430 Uncommon trap: reason=null_check action=make_not_entrant pc=0x000001e2ab225aa4 method=org.springframework.util.ClassUtils.isAssignable(Ljava/lang/Class;Ljava/lang/Class;)Z @ 14 c2
Event: 18.047 Thread 0x000001e2bbc07430 DEOPT PACKING pc=0x000001e2ab225aa4 sp=0x00000086395fdde0
Event: 18.047 Thread 0x000001e2bbc07430 DEOPT UNPACKING pc=0x000001e2aabaa1a3 sp=0x00000086395fdd70 mode 2
Event: 18.438 Thread 0x000001e2bbc07430 Uncommon trap: trap_request=0xffffff45 fr.pc=0x000001e2ab15aa60 relative=0x0000000000000060
Event: 18.438 Thread 0x000001e2bbc07430 Uncommon trap: reason=unstable_if action=reinterpret pc=0x000001e2ab15aa60 method=org.springframework.util.ConcurrentReferenceHashMap$Segment.clear()V @ 7 c2
Event: 18.438 Thread 0x000001e2bbc07430 DEOPT PACKING pc=0x000001e2ab15aa60 sp=0x00000086395fe400
Event: 18.438 Thread 0x000001e2bbc07430 DEOPT UNPACKING pc=0x000001e2aabaa1a3 sp=0x00000086395fe390 mode 2
Event: 18.467 Thread 0x000001e2bbc07430 Uncommon trap: trap_request=0xffffff54 fr.pc=0x000001e2ab175f74 relative=0x0000000000000334
Event: 18.467 Thread 0x000001e2bbc07430 Uncommon trap: reason=speculate_null_assert action=make_not_entrant pc=0x000001e2ab175f74 method=org.springframework.util.ConcurrentReferenceHashMap$Segment.restructureIfNecessary(Z)V @ 41 c2
Event: 18.467 Thread 0x000001e2bbc07430 DEOPT PACKING pc=0x000001e2ab175f74 sp=0x00000086395fe460
Event: 18.467 Thread 0x000001e2bbc07430 DEOPT UNPACKING pc=0x000001e2aabaa1a3 sp=0x00000086395fe428 mode 2

Classes unloaded (0 events):
No events

Classes redefined (0 events):
No events

Internal exceptions (20 events):
Event: 15.028 Thread 0x000001e2bbc07430 Exception <a 'java/lang/NoSuchMethodError'{0x00000000c658e468}: 'java.lang.Object java.lang.invoke.Invokers$Holder.linkToTargetMethod(java.lang.Object, java.lang.Object, java.lang.Object, java.lang.Object, int, java.lang.Object)'> (0x00000000c658e468) 
thrown [s\src\hotspot\share\interpreter\linkResolver.cpp, line 759]
Event: 15.047 Thread 0x000001e2bbc07430 Exception <a 'java/lang/NoSuchMethodError'{0x00000000c65d15c0}: 'java.lang.Object java.lang.invoke.DirectMethodHandle$Holder.newInvokeSpecial(java.lang.Object, java.lang.Object, java.lang.Object, java.lang.Object, java.lang.Object, java.lang.Object, java.lang.Object, java.lang.Object, java.lang.Object, java.lang.Object, java.lang.Object)'> (0x00000000c65d15c0) 
thrown [s\src\hotspot\share\interpreter\linkResolver.cpp, line 759]
Event: 15.048 Thread 0x000001e2bbc07430 Exception <a 'java/lang/NoSuchMethodError'{0x00000000c65d6598}: 'java.lang.Object java.lang.invoke.DirectMethodHandle$Holder.invokeSpecial(java.lang.Object, java.lang.Object, java.lang.Object, java.lang.Object, java.lang.Object, java.lang.Object, java.lang.Object, java.lang.Object, java.lang.Object, java.lang.Object, java.lang.Object, java.lang.Object)'> (0x00000000c65d6598) 
thrown [s\src\hotspot\share\interpreter\linkResolver.cpp, line 759]
Event: 15.048 Thread 0x000001e2bbc07430 Exception <a 'java/lang/NoSuchMethodError'{0x00000000c65dab38}: 'java.lang.Object java.lang.invoke.Invokers$Holder.linkToTargetMethod(java.lang.Object, java.lang.Object, java.lang.Object, java.lang.Object, java.lang.Object, java.lang.Object, java.lang.Object, java.lang.Object, java.lang.Object, java.lang.Object, java.lang.Object)'> (0x00000000c65dab38) 
thrown [s\src\hotspot\share\interpreter\linkResolver.cpp, line 759]
Event: 15.125 Thread 0x000001e2bbc07430 Exception <a 'java/lang/NoSuchMethodError'{0x00000000c63490a0}: 'java.lang.Object java.lang.invoke.DirectMethodHandle$Holder.newInvokeSpecial(java.lang.Object, java.lang.Object, java.lang.Object, java.lang.Object, java.lang.Object, java.lang.Object)'> (0x00000000c63490a0) 
thrown [s\src\hotspot\share\interpreter\linkResolver.cpp, line 759]
Event: 15.162 Thread 0x000001e2bbc07430 Exception <a 'java/lang/NoSuchMethodError'{0x00000000c63e3860}: 'java.lang.Object java.lang.invoke.DirectMethodHandle$Holder.newInvokeSpecial(java.lang.Object, java.lang.Object, java.lang.Object, java.lang.Object, java.lang.Object, java.lang.Object, java.lang.Object, int)'> (0x00000000c63e3860) 
thrown [s\src\hotspot\share\interpreter\linkResolver.cpp, line 759]
Event: 15.164 Thread 0x000001e2bbc07430 Exception <a 'java/lang/NoSuchMethodError'{0x00000000c63e8858}: 'java.lang.Object java.lang.invoke.DirectMethodHandle$Holder.invokeSpecial(java.lang.Object, java.lang.Object, java.lang.Object, java.lang.Object, java.lang.Object, java.lang.Object, java.lang.Object, java.lang.Object, int)'> (0x00000000c63e8858) 
thrown [s\src\hotspot\share\interpreter\linkResolver.cpp, line 759]
Event: 15.223 Thread 0x000001e2bbc07430 Exception <a 'java/lang/NoSuchMethodError'{0x00000000c5ed4208}: 'void java.lang.invoke.DirectMethodHandle$Holder.invokeInterface(java.lang.Object, java.lang.Object)'> (0x00000000c5ed4208) 
thrown [s\src\hotspot\share\interpreter\linkResolver.cpp, line 759]
Event: 15.596 Thread 0x000001e2bbc07430 Exception <a 'java/lang/IncompatibleClassChangeError'{0x00000000c5758e68}: Found class java.lang.Object, but interface was expected> (0x00000000c5758e68) 
thrown [s\src\hotspot\share\interpreter\linkResolver.cpp, line 826]
Event: 15.624 Thread 0x000001e2bbc07430 Exception <a 'java/lang/IncompatibleClassChangeError'{0x00000000c57e6458}: Found class java.lang.Object, but interface was expected> (0x00000000c57e6458) 
thrown [s\src\hotspot\share\interpreter\linkResolver.cpp, line 826]
Event: 15.737 Thread 0x000001e2bbc07430 Exception <a 'java/lang/IncompatibleClassChangeError'{0x00000000c6573808}: Found class java.lang.Object, but interface was expected> (0x00000000c6573808) 
thrown [s\src\hotspot\share\interpreter\linkResolver.cpp, line 826]
Event: 16.127 Thread 0x000001e2bbc07430 Exception <a 'java/lang/IncompatibleClassChangeError'{0x00000000c5a54248}: Found class java.lang.Object, but interface was expected> (0x00000000c5a54248) 
thrown [s\src\hotspot\share\interpreter\linkResolver.cpp, line 826]
Event: 16.533 Thread 0x000001e2bbc07430 Exception <a 'java/lang/NoSuchMethodError'{0x00000000c5d08ad8}: 'java.lang.Object java.lang.invoke.DirectMethodHandle$Holder.invokeInterface(java.lang.Object, java.lang.Object, java.lang.Object, java.lang.Object)'> (0x00000000c5d08ad8) 
thrown [s\src\hotspot\share\interpreter\linkResolver.cpp, line 759]
Event: 17.222 Thread 0x000001e2bbc07430 Exception <a 'java/lang/NoSuchMethodError'{0x00000000c5f8cf20}: 'void java.lang.invoke.DirectMethodHandle$Holder.invokeVirtual(java.lang.Object, java.lang.Object, long)'> (0x00000000c5f8cf20) 
thrown [s\src\hotspot\share\interpreter\linkResolver.cpp, line 759]
Event: 17.788 Thread 0x000001e2bbc07430 Exception <a 'java/lang/IncompatibleClassChangeError'{0x00000000c73734d0}: Found class java.lang.Object, but interface was expected> (0x00000000c73734d0) 
thrown [s\src\hotspot\share\interpreter\linkResolver.cpp, line 826]
Event: 18.046 Thread 0x000001e2bbc07430 Implicit null exception at 0x000001e2ab22585a to 0x000001e2ab225a90
Event: 18.281 Thread 0x000001e2bbc07430 Exception <a 'java/lang/NoSuchMethodError'{0x00000000c61e28b0}: 'java.lang.Object java.lang.invoke.DirectMethodHandle$Holder.newInvokeSpecial(java.lang.Object, java.lang.Object, int, java.lang.Object, java.lang.Object)'> (0x00000000c61e28b0) 
thrown [s\src\hotspot\share\interpreter\linkResolver.cpp, line 759]
Event: 18.283 Thread 0x000001e2bbc07430 Exception <a 'java/lang/NoSuchMethodError'{0x00000000c61edf28}: 'java.lang.Object java.lang.invoke.DirectMethodHandle$Holder.invokeSpecial(java.lang.Object, java.lang.Object, int, java.lang.Object, int, java.lang.Object)'> (0x00000000c61edf28) 
thrown [s\src\hotspot\share\interpreter\linkResolver.cpp, line 759]
Event: 18.284 Thread 0x000001e2bbc07430 Exception <a 'java/lang/NoSuchMethodError'{0x00000000c61f5fd8}: 'java.lang.Object java.lang.invoke.DirectMethodHandle$Holder.newInvokeSpecial(java.lang.Object, java.lang.Object, int, java.lang.Object, int)'> (0x00000000c61f5fd8) 
thrown [s\src\hotspot\share\interpreter\linkResolver.cpp, line 759]
Event: 18.284 Thread 0x000001e2bbc07430 Exception <a 'java/lang/NoSuchMethodError'{0x00000000c61fa0d8}: 'java.lang.Object java.lang.invoke.DirectMethodHandle$Holder.invokeSpecial(java.lang.Object, java.lang.Object, java.lang.Object, int, java.lang.Object, int)'> (0x00000000c61fa0d8) 
thrown [s\src\hotspot\share\interpreter\linkResolver.cpp, line 759]

VM Operations (20 events):
Event: 17.271 Executing VM operation: HandshakeAllThreads
Event: 17.271 Executing VM operation: HandshakeAllThreads done
Event: 17.410 Executing VM operation: HandshakeAllThreads
Event: 17.410 Executing VM operation: HandshakeAllThreads done
Event: 17.634 Executing VM operation: HandshakeAllThreads
Event: 17.634 Executing VM operation: HandshakeAllThreads done
Event: 17.634 Executing VM operation: Cleanup
Event: 17.634 Executing VM operation: Cleanup done
Event: 17.637 Executing VM operation: HandshakeAllThreads
Event: 17.637 Executing VM operation: HandshakeAllThreads done
Event: 17.655 Executing VM operation: G1CollectForAllocation
Event: 17.660 Executing VM operation: G1CollectForAllocation done
Event: 17.720 Executing VM operation: G1PauseRemark
Event: 17.746 Executing VM operation: G1PauseRemark done
Event: 17.779 Executing VM operation: G1PauseCleanup
Event: 17.780 Executing VM operation: G1PauseCleanup done
Event: 18.444 Executing VM operation: HandshakeAllThreads
Event: 18.467 Executing VM operation: HandshakeAllThreads done
Event: 19.467 Executing VM operation: Cleanup
Event: 19.467 Executing VM operation: Cleanup done

Events (20 events):
Event: 18.514 loading class java/beans/WeakIdentityMap$Entry done
Event: 18.514 loading class com/sun/beans/introspect/ClassInfo
Event: 18.515 loading class com/sun/beans/introspect/ClassInfo done
Event: 18.515 loading class com/sun/beans/introspect/ClassInfo$1
Event: 18.516 loading class com/sun/beans/util/Cache
Event: 18.516 loading class com/sun/beans/util/Cache done
Event: 18.516 loading class com/sun/beans/introspect/ClassInfo$1 done
Event: 18.516 loading class com/sun/beans/util/Cache$Kind
Event: 18.516 loading class com/sun/beans/util/Cache$Kind done
Event: 18.516 loading class com/sun/beans/util/Cache$Kind$1
Event: 18.516 loading class com/sun/beans/util/Cache$Kind$1 done
Event: 18.516 loading class com/sun/beans/util/Cache$Kind$2
Event: 18.516 loading class com/sun/beans/util/Cache$Kind$2 done
Event: 18.516 loading class com/sun/beans/util/Cache$Kind$3
Event: 18.516 loading class com/sun/beans/util/Cache$Kind$3 done
Event: 18.516 loading class com/sun/beans/util/Cache$CacheEntry
Event: 18.516 loading class com/sun/beans/util/Cache$CacheEntry done
Event: 18.517 Thread 0x000001e2bb52df20 Thread exited: 0x000001e2bb52df20
Event: 18.518 Thread 0x000001e2a09b7f80 Thread exited: 0x000001e2a09b7f80
Event: 18.518 Thread 0x000001e2be8ca3d0 Thread added: 0x000001e2be8ca3d0


Dynamic libraries:
0x00007ff7dd4a0000 - 0x00007ff7dd4ae000 	C:\Users\mgonz\.vscode\extensions\redhat.java-1.22.1-win32-x64\jre\17.0.8.1-win32-x86_64\bin\java.exe
0x00007ff9f1650000 - 0x00007ff9f1864000 	C:\WINDOWS\SYSTEM32\ntdll.dll
0x00007ff9f0310000 - 0x00007ff9f03d4000 	C:\WINDOWS\System32\KERNEL32.DLL
0x00007ff9eee50000 - 0x00007ff9ef1f4000 	C:\WINDOWS\System32\KERNELBASE.dll
0x00007ff9eed30000 - 0x00007ff9eee41000 	C:\WINDOWS\System32\ucrtbase.dll
0x00007ff9e70f0000 - 0x00007ff9e7107000 	C:\Users\mgonz\.vscode\extensions\redhat.java-1.22.1-win32-x64\jre\17.0.8.1-win32-x86_64\bin\jli.dll
0x00007ff9e59d0000 - 0x00007ff9e59e9000 	C:\Users\mgonz\.vscode\extensions\redhat.java-1.22.1-win32-x64\jre\17.0.8.1-win32-x86_64\bin\VCRUNTIME140.dll
0x00007ff9f0ab0000 - 0x00007ff9f0c5e000 	C:\WINDOWS\System32\USER32.dll
0x00007ff9eea00000 - 0x00007ff9eea26000 	C:\WINDOWS\System32\win32u.dll
0x00007ff9f12c0000 - 0x00007ff9f12e9000 	C:\WINDOWS\System32\GDI32.dll
0x00007ff9eea30000 - 0x00007ff9eeb48000 	C:\WINDOWS\System32\gdi32full.dll
0x00007ff9ef280000 - 0x00007ff9ef31a000 	C:\WINDOWS\System32\msvcp_win.dll
0x00007ff9d5f80000 - 0x00007ff9d6213000 	C:\WINDOWS\WinSxS\amd64_microsoft.windows.common-controls_6595b64144ccf1df_6.0.22621.2215_none_270d72677387dfc3\COMCTL32.dll
0x00007ff9f09a0000 - 0x00007ff9f0a47000 	C:\WINDOWS\System32\msvcrt.dll
0x00007ff9f10e0000 - 0x00007ff9f1111000 	C:\WINDOWS\System32\IMM32.DLL
0x00007ff9e96f0000 - 0x00007ff9e96fc000 	C:\Users\mgonz\.vscode\extensions\redhat.java-1.22.1-win32-x64\jre\17.0.8.1-win32-x86_64\bin\vcruntime140_1.dll
0x00007ff9d4760000 - 0x00007ff9d47f1000 	C:\Users\mgonz\.vscode\extensions\redhat.java-1.22.1-win32-x64\jre\17.0.8.1-win32-x86_64\bin\msvcp140.dll
0x00007ff9a5a60000 - 0x00007ff9a66ac000 	C:\Users\mgonz\.vscode\extensions\redhat.java-1.22.1-win32-x64\jre\17.0.8.1-win32-x86_64\bin\server\jvm.dll
0x00007ff9ef620000 - 0x00007ff9ef6d0000 	C:\WINDOWS\System32\ADVAPI32.dll
0x00007ff9f1120000 - 0x00007ff9f11c6000 	C:\WINDOWS\System32\sechost.dll
0x00007ff9f12f0000 - 0x00007ff9f1407000 	C:\WINDOWS\System32\RPCRT4.dll
0x00007ff9ee8d0000 - 0x00007ff9ee91d000 	C:\WINDOWS\SYSTEM32\POWRPROF.dll
0x00007ff9d89e0000 - 0x00007ff9d89e9000 	C:\WINDOWS\SYSTEM32\WSOCK32.dll
0x00007ff9f01f0000 - 0x00007ff9f0261000 	C:\WINDOWS\System32\WS2_32.dll
0x00007ff9e5700000 - 0x00007ff9e570a000 	C:\WINDOWS\SYSTEM32\VERSION.dll
0x00007ff9e70a0000 - 0x00007ff9e70d4000 	C:\WINDOWS\SYSTEM32\WINMM.dll
0x00007ff9ee8b0000 - 0x00007ff9ee8c3000 	C:\WINDOWS\SYSTEM32\UMPDC.dll
0x00007ff9ed9c0000 - 0x00007ff9ed9d8000 	C:\WINDOWS\SYSTEM32\kernel.appcore.dll
0x00007ff9e7180000 - 0x00007ff9e718a000 	C:\Users\mgonz\.vscode\extensions\redhat.java-1.22.1-win32-x64\jre\17.0.8.1-win32-x86_64\bin\jimage.dll
0x00007ff9ec330000 - 0x00007ff9ec55e000 	C:\WINDOWS\SYSTEM32\DBGHELP.DLL
0x00007ff9f0610000 - 0x00007ff9f099a000 	C:\WINDOWS\System32\combase.dll
0x00007ff9f03e0000 - 0x00007ff9f04b7000 	C:\WINDOWS\System32\OLEAUT32.dll
0x00007ff9cefb0000 - 0x00007ff9cefe2000 	C:\WINDOWS\SYSTEM32\dbgcore.DLL
0x00007ff9ef200000 - 0x00007ff9ef27a000 	C:\WINDOWS\System32\bcryptPrimitives.dll
0x00007ff9d8540000 - 0x00007ff9d8565000 	C:\Users\mgonz\.vscode\extensions\redhat.java-1.22.1-win32-x64\jre\17.0.8.1-win32-x86_64\bin\java.dll
0x00007ff9e5310000 - 0x00007ff9e5328000 	C:\Users\mgonz\.vscode\extensions\redhat.java-1.22.1-win32-x64\jre\17.0.8.1-win32-x86_64\bin\zip.dll
0x00007ff9ef8c0000 - 0x00007ff9f00e3000 	C:\WINDOWS\System32\SHELL32.dll
0x00007ff9ec940000 - 0x00007ff9ed22a000 	C:\WINDOWS\SYSTEM32\windows.storage.dll
0x00007ff9ec6a0000 - 0x00007ff9ec7de000 	C:\WINDOWS\SYSTEM32\wintypes.dll
0x00007ff9f14a0000 - 0x00007ff9f1593000 	C:\WINDOWS\System32\SHCORE.dll
0x00007ff9ef5c0000 - 0x00007ff9ef61e000 	C:\WINDOWS\System32\shlwapi.dll
0x00007ff9ee930000 - 0x00007ff9ee956000 	C:\WINDOWS\SYSTEM32\profapi.dll
0x00007ff9e5160000 - 0x00007ff9e5179000 	C:\Users\mgonz\.vscode\extensions\redhat.java-1.22.1-win32-x64\jre\17.0.8.1-win32-x86_64\bin\net.dll
0x00007ff9e72d0000 - 0x00007ff9e7407000 	C:\WINDOWS\SYSTEM32\WINHTTP.dll
0x00007ff9ede80000 - 0x00007ff9edee9000 	C:\WINDOWS\system32\mswsock.dll
0x00007ff9d8ca0000 - 0x00007ff9d8cb5000 	C:\Users\mgonz\.vscode\extensions\redhat.java-1.22.1-win32-x64\jre\17.0.8.1-win32-x86_64\bin\nio.dll
0x00007ff9e7280000 - 0x00007ff9e7289000 	C:\Users\mgonz\.vscode\extensions\redhat.java-1.22.1-win32-x64\jre\17.0.8.1-win32-x86_64\bin\management.dll
0x00007ff9e7270000 - 0x00007ff9e727b000 	C:\Users\mgonz\.vscode\extensions\redhat.java-1.22.1-win32-x64\jre\17.0.8.1-win32-x86_64\bin\management_ext.dll
0x00007ff9f12b0000 - 0x00007ff9f12b8000 	C:\WINDOWS\System32\PSAPI.DLL
0x00007ff9ee1a0000 - 0x00007ff9ee1bb000 	C:\WINDOWS\SYSTEM32\CRYPTSP.dll
0x00007ff9ed980000 - 0x00007ff9ed9b5000 	C:\WINDOWS\system32\rsaenh.dll
0x00007ff9edf20000 - 0x00007ff9edf4c000 	C:\WINDOWS\SYSTEM32\USERENV.dll
0x00007ff9ee2c0000 - 0x00007ff9ee2e8000 	C:\WINDOWS\SYSTEM32\bcrypt.dll
0x00007ff9ee180000 - 0x00007ff9ee18c000 	C:\WINDOWS\SYSTEM32\CRYPTBASE.dll
0x00007ff9ed490000 - 0x00007ff9ed4bd000 	C:\WINDOWS\SYSTEM32\IPHLPAPI.DLL
0x00007ff9f11d0000 - 0x00007ff9f11d9000 	C:\WINDOWS\System32\NSI.dll
0x00007ff9e7d90000 - 0x00007ff9e7da9000 	C:\WINDOWS\SYSTEM32\dhcpcsvc6.DLL
0x00007ff9e7080000 - 0x00007ff9e709f000 	C:\WINDOWS\SYSTEM32\dhcpcsvc.DLL
0x00007ff9ed500000 - 0x00007ff9ed5f2000 	C:\WINDOWS\SYSTEM32\DNSAPI.dll
0x00007ff9eb8c0000 - 0x00007ff9eb8ce000 	C:\Users\mgonz\.vscode\extensions\redhat.java-1.22.1-win32-x64\jre\17.0.8.1-win32-x86_64\bin\sunmscapi.dll
0x00007ff9eebc0000 - 0x00007ff9eed26000 	C:\WINDOWS\System32\CRYPT32.dll
0x00007ff9ee290000 - 0x00007ff9ee2be000 	C:\WINDOWS\SYSTEM32\ncrypt.dll
0x00007ff9ee250000 - 0x00007ff9ee287000 	C:\WINDOWS\SYSTEM32\NTASN1.dll
0x00007ff9e4260000 - 0x00007ff9e426a000 	C:\Windows\System32\rasadhlp.dll
0x00007ff9e4ff0000 - 0x00007ff9e5074000 	C:\WINDOWS\System32\fwpuclnt.dll
0x00007ff9e7010000 - 0x00007ff9e7020000 	C:\Users\mgonz\.vscode\extensions\redhat.java-1.22.1-win32-x64\jre\17.0.8.1-win32-x86_64\bin\verify.dll
0x00007ff9e6860000 - 0x00007ff9e6868000 	C:\WINDOWS\system32\wshunix.dll

dbghelp: loaded successfully - version: 4.0.5 - missing functions: none
symbol engine: initialized successfully - sym options: 0x614 - pdb path: .;C:\Users\mgonz\.vscode\extensions\redhat.java-1.22.1-win32-x64\jre\17.0.8.1-win32-x86_64\bin;C:\WINDOWS\SYSTEM32;C:\WINDOWS\WinSxS\amd64_microsoft.windows.common-controls_6595b64144ccf1df_6.0.22621.2215_none_270d72677387dfc3;C:\Users\mgonz\.vscode\extensions\redhat.java-1.22.1-win32-x64\jre\17.0.8.1-win32-x86_64\bin\server

VM Arguments:
jvm_args: -XX:+ShowCodeDetailsInExceptionMessages 
java_command: med.voll.api.ApiApplication
java_class_path (initial): C:\Users\mgonz\Desktop\AluraLAtam\api\target\classes;C:\Users\mgonz\.m2\repository\org\springframework\boot\spring-boot-starter-web\3.1.3\spring-boot-starter-web-3.1.3.jar;C:\Users\mgonz\.m2\repository\org\springframework\boot\spring-boot-starter\3.1.3\spring-boot-starter-3.1.3.jar;C:\Users\mgonz\.m2\repository\org\springframework\boot\spring-boot-starter-logging\3.1.3\spring-boot-starter-logging-3.1.3.jar;C:\Users\mgonz\.m2\repository\ch\qos\logback\logback-classic\1.4.11\logback-classic-1.4.11.jar;C:\Users\mgonz\.m2\repository\ch\qos\logback\logback-core\1.4.11\logback-core-1.4.11.jar;C:\Users\mgonz\.m2\repository\org\apache\logging\log4j\log4j-to-slf4j\2.20.0\log4j-to-slf4j-2.20.0.jar;C:\Users\mgonz\.m2\repository\org\apache\logging\log4j\log4j-api\2.20.0\log4j-api-2.20.0.jar;C:\Users\mgonz\.m2\repository\org\slf4j\jul-to-slf4j\2.0.7\jul-to-slf4j-2.0.7.jar;C:\Users\mgonz\.m2\repository\jakarta\annotation\jakarta.annotation-api\2.1.1\jakarta.annotation-api-2.1.1.jar;C:\Users\mgonz\.m2\repository\org\yaml\snakeyaml\1.33\snakeyaml-1.33.jar;C:\Users\mgonz\.m2\repository\org\springframework\boot\spring-boot-starter-json\3.1.3\spring-boot-starter-json-3.1.3.jar;C:\Users\mgonz\.m2\repository\com\fasterxml\jackson\core\jackson-databind\2.15.2\jackson-databind-2.15.2.jar;C:\Users\mgonz\.m2\repository\com\fasterxml\jackson\core\jackson-annotations\2.15.2\jackson-annotations-2.15.2.jar;C:\Users\mgonz\.m2\repository\com\fasterxml\jackson\datatype\jackson-datatype-jdk8\2.15.2\jackson-datatype-jdk8-2.15.2.jar;C:\Users\mgonz\.m2\repository\com\fasterxml\jackson\datatype\jackson-datatype-jsr310\2.15.2\jackson-datatype-jsr310-2.15.2.jar;C:\Users\mgonz\.m2\repository\com\fasterxml\jackson\module\jackson-module-parameter-names\2.15.2\jackson-module-parameter-names-2.15.2.jar;C:\Users\mgonz\.m2\repository\org\springframework\boot\spring-boot-starter-tomcat\3.1.3\spring-boot-starter-tomcat-3.1.3.jar;C:\Users\mgonz\.m2\repository\org\apache\tomcat\embed\to
Launcher Type: SUN_STANDARD

[Global flags]
     intx CICompilerCount                          = 3                                         {product} {ergonomic}
     uint ConcGCThreads                            = 1                                         {product} {ergonomic}
     uint G1ConcRefinementThreads                  = 4                                         {product} {ergonomic}
   size_t G1HeapRegionSize                         = 1048576                                   {product} {ergonomic}
    uintx GCDrainStackTargetSize                   = 64                                        {product} {ergonomic}
   size_t InitialHeapSize                          = 65011712                                  {product} {ergonomic}
   size_t MarkStackSize                            = 4194304                                   {product} {ergonomic}
   size_t MaxHeapSize                              = 1017118720                                {product} {ergonomic}
   size_t MaxNewSize                               = 610271232                                 {product} {ergonomic}
   size_t MinHeapDeltaBytes                        = 1048576                                   {product} {ergonomic}
   size_t MinHeapSize                              = 8388608                                   {product} {ergonomic}
    uintx NonNMethodCodeHeapSize                   = 5832780                                {pd product} {ergonomic}
    uintx NonProfiledCodeHeapSize                  = 122912730                              {pd product} {ergonomic}
    uintx ProfiledCodeHeapSize                     = 122912730                              {pd product} {ergonomic}
    uintx ReservedCodeCacheSize                    = 251658240                              {pd product} {ergonomic}
     bool SegmentedCodeCache                       = true                                      {product} {ergonomic}
     bool ShowCodeDetailsInExceptionMessages       = true                                   {manageable} {command line}
   size_t SoftMaxHeapSize                          = 1017118720                             {manageable} {ergonomic}
     bool UseCompressedClassPointers               = true                           {product lp64_product} {ergonomic}
     bool UseCompressedOops                        = true                           {product lp64_product} {ergonomic}
     bool UseG1GC                                  = true                                      {product} {ergonomic}
     bool UseLargePagesIndividualAllocation        = false                                  {pd product} {ergonomic}

Logging:
Log output configuration:
 #0: stdout all=warning uptime,level,tags
 #1: stderr all=off uptime,level,tags

Environment Variables:
JAVA_HOME=C:\Program Files\Java\jdk-1.8\bin
PATH=C:\Program Files\Common Files\Oracle\Java\javapath;C:\Program Files (x86)\Common Files\Oracle\Java\javapath;C:\WINDOWS\system32;C:\WINDOWS;C:\WINDOWS\System32\Wbem;C:\WINDOWS\System32\WindowsPowerShell\v1.0\;C:\WINDOWS\System32\OpenSSH\;C:\Program Files\Java\jdk-1.8\bin;C:\Program Files\Java\jdk-17\bin;C:\Program Files\Git\cmd;C:\ProgramData\nvm;C:\Program Files\nodejs;;C:\ProgramData\chocolatey\bin;C:\Program Files\MySQL\MySQL Shell 8.0\bin\;C:\Users\mgonz\AppData\Local\Microsoft\WindowsApps;C:\Users\mgonz\AppData\Local\GitHubDesktop\bin;C:\Users\mgonz\AppData\Local\Programs\Microsoft VS Code\bin;C:\ProgramData\nvm;C:\Program Files\nodejs;C:\Users\mgonz\AppData\Roaming\npm
USERNAME=mgonz
LANG=en_US.UTF-8
OS=Windows_NT
PROCESSOR_IDENTIFIER=Intel64 Family 6 Model 126 Stepping 5, GenuineIntel
TMP=C:\Users\mgonz\AppData\Local\Temp
TEMP=C:\Users\mgonz\AppData\Local\Temp



---------------  S Y S T E M  ---------------

OS:
 Windows 11 , 64 bit Build 22621 (10.0.22621.2215)
OS uptime: 6 days 13:03 hours
Hyper-V role detected

CPU: total 4 (initial active 4) (2 cores per cpu, 2 threads per core) family 6 model 126 stepping 5 microcode 0x96, cx8, cmov, fxsr, ht, mmx, 3dnowpref, sse, sse2, sse3, ssse3, sse4.1, sse4.2, popcnt, lzcnt, tsc, tscinvbit, avx, avx2, aes, erms, clmul, bmi1, bmi2, adx, avx512f, avx512dq, avx512cd, avx512bw, avx512vl, sha, fma, vzeroupper, avx512_vpopcntdq, avx512_vpclmulqdq, avx512_vaes, avx512_vnni, clflush, clflushopt, avx512_vbmi2, avx512_vbmi, hv
Processor Information for all 4 processors :
  Max Mhz: 1190, Current Mhz: 1190, Mhz Limit: 1190

Memory: 4k page, system-wide physical 3877M (232M free)
TotalPageFile size 15653M (AvailPageFile size 0M)
current process WorkingSet (physical memory assigned to process): 183M, peak: 223M
current process commit charge ("private bytes"): 230M, peak: 250M

vm_info: OpenJDK 64-Bit Server VM (17.0.8.1+1) for windows-amd64 JRE (17.0.8.1+1), built on Aug 23 2023 15:29:17 by "admin" with MS VC++ 16.7 (VS2019)

END.
